Process
=======
sdkmanager

Command Line
============
/root/.gluon/substrate/Android/cmdline-tools/latest/bin/sdkmanager platforms;android-34 build-tools;34.0.0 platform-tools extras;android;m2repository extras;google;m2repository ndk;26.3.11579264

Output
======
Loading package information...                                                  
Loading local repository...                                                     
[                                       ] 3% Loading local repository...        
[                                       ] 3% Fetch remote repository...         
[=                                      ] 3% Fetch remote repository...         
[=                                      ] 4% Fetch remote repository...         
[=                                      ] 5% Fetch remote repository...         
[==                                     ] 5% Fetch remote repository...         
[==                                     ] 6% Fetch remote repository...         
[==                                     ] 7% Fetch remote repository...         
[==                                     ] 7% Computing updates...               
[===                                    ] 8% Computing updates...               
[===                                    ] 10% Computing updates...              
[===                                    ] 10% Installing NDK (Side by side) 26.3
[===                                    ] 10% Downloading android-ndk-r26d-linux
[====                                   ] 10% Downloading android-ndk-r26d-linux
[====                                   ] 11% Downloading android-ndk-r26d-linux
[====                                   ] 12% Downloading android-ndk-r26d-linux
[=====                                  ] 13% Downloading android-ndk-r26d-linux
[=====                                  ] 14% Downloading android-ndk-r26d-linux
[=====                                  ] 14% Unzipping...                      
[=====                                  ] 14% Unzipping... android-ndk-r26d/    
[=====                                  ] 14% Unzipping... android-ndk-r26d/CHAN
[=====                                  ] 14% Unzipping... android-ndk-r26d/wrap
[=====                                  ] 14% Unzipping... android-ndk-r26d/preb
[=====                                  ] 14% Unzipping... android-ndk-r26d/buil
[=====                                  ] 14% Unzipping... android-ndk-r26d/NOTI
[=====                                  ] 14% Unzipping... android-ndk-r26d/ndk-
[=====                                  ] 14% Unzipping... android-ndk-r26d/NOTI
[=====                                  ] 14% Unzipping... android-ndk-r26d/meta
[=====                                  ] 14% Unzipping... android-ndk-r26d/ndk-
[=====                                  ] 14% Unzipping... android-ndk-r26d/pyth
[=====                                  ] 14% Unzipping... android-ndk-r26d/sour
[=====                                  ] 14% Unzipping... android-ndk-r26d/simp
[=====                                  ] 14% Unzipping... android-ndk-r26d/ndk-
[=====                                  ] 14% Unzipping... android-ndk-r26d/READ
[=====                                  ] 14% Unzipping... android-ndk-r26d/tool
[=====                                  ] 15% Unzipping... android-ndk-r26d/tool
[======                                 ] 15% Unzipping... android-ndk-r26d/tool
[======                                 ] 16% Unzipping... android-ndk-r26d/tool
[======                                 ] 17% Unzipping... android-ndk-r26d/tool
[======                                 ] 17% Unzipping... android-ndk-r26d/ndk-
[======                                 ] 17% Unzipping... android-ndk-r26d/shad
[======                                 ] 18% Unzipping... android-ndk-r26d/shad
[=========                              ] 25% Unzipping... android-ndk-r26d/shad
[=========                              ] 25% Installing Google Repository andro
                                                                                
Warning: An error occurred while preparing SDK package Google Repository: dl.google.com.
[=========                              ] 25% Installing Google Repository andro


Result
======
result: 1